<?xml version="1.0" encoding="UTF-8"?>
<!-- Generated by org.testng.reporters.JUnitReportReporter -->
<testsuite hostname="DESKTOP-9N1BKMG" failures="0" tests="5" name="tests.Login_Tests" time="7.954" errors="0" timestamp="2022-02-14T23:40:01 EET" skipped="0">
  <testcase classname="tests.Login_Tests" name="loginInvalidCredentials" time="1.493"/>
  <system-out/>
  <testcase classname="tests.Login_Tests" name="loginEmptyPassword" time="1.345"/>
  <system-out/>
  <testcase classname="tests.Login_Tests" name="loginValidCredentials" time="2.423"/>
  <system-out/>
  <testcase classname="tests.Login_Tests" name="loginEmptyCredentials" time="0.864"/>
  <system-out/>
  <testcase classname="tests.Login_Tests" name="loginBlockedUser" time="1.829"/>
  <system-out/>
</testsuite> <!-- tests.Login_Tests -->
