<?xml version="1.0" encoding="UTF-8"?>
<!-- Generated by org.testng.reporters.JUnitReportReporter -->
<testsuite hostname="DESKTOP-9N1BKMG" failures="0" tests="1" name="tests.Buy_Scenario" time="48.045" errors="0" timestamp="2022-02-14T23:48:14 EET" skipped="0">
  <testcase classname="tests.Buy_Scenario" name="BuyTest" time="48.045"/>
  <system-out/>
</testsuite> <!-- tests.Buy_Scenario -->
